\BOOKMARK [0][-]{chapter.1}{1 Introduction}{}% 1
\BOOKMARK [1][-]{section.1.1}{1.1 How to Use This Document}{chapter.1}% 2
\BOOKMARK [0][-]{chapter.2}{2 Kernel Overview}{}% 3
\BOOKMARK [1][-]{section.2.1}{2.1 Kernel Architecture}{chapter.2}% 4
\BOOKMARK [2][-]{subsection.2.1.1}{2.1.1 Threading}{section.2.1}% 5
\BOOKMARK [2][-]{subsection.2.1.2}{2.1.2 Virtual Memory}{section.2.1}% 6
\BOOKMARK [2][-]{subsection.2.1.3}{2.1.3 Support for Multiple Processors}{section.2.1}% 7
\BOOKMARK [1][-]{section.2.2}{2.2 Kernel Programming}{chapter.2}% 8
\BOOKMARK [2][-]{subsection.2.2.1}{2.2.1 Memory Usage}{section.2.2}% 9
\BOOKMARK [2][-]{subsection.2.2.2}{2.2.2 Stacks and Contexts}{section.2.2}% 10
\BOOKMARK [2][-]{subsection.2.2.3}{2.2.3 Library Functions}{section.2.2}% 11
\BOOKMARK [2][-]{subsection.2.2.4}{2.2.4 Using a Console}{section.2.2}% 12
\BOOKMARK [2][-]{subsection.2.2.5}{2.2.5 Busy Waiting}{section.2.2}% 13
\BOOKMARK [2][-]{subsection.2.2.6}{2.2.6 Floating Point Numbers}{section.2.2}% 14
\BOOKMARK [2][-]{subsection.2.2.7}{2.2.7 Naming Conventions}{section.2.2}% 15
\BOOKMARK [2][-]{subsection.2.2.8}{2.2.8 Debug Printing}{section.2.2}% 16
\BOOKMARK [2][-]{subsection.2.2.9}{2.2.9 C Calling Conventions}{section.2.2}% 17
\BOOKMARK [2][-]{subsection.2.2.10}{2.2.10 Kernel Boot Arguments}{section.2.2}% 18
\BOOKMARK [1][-]{subsection.2.2.10}{Exercises}{chapter.2}% 19
\BOOKMARK [0][-]{chapter.3}{3 Threading and Scheduling}{}% 20
\BOOKMARK [1][-]{section.3.1}{3.1 Threads}{chapter.3}% 21
\BOOKMARK [2][-]{subsection.3.1.1}{3.1.1 Thread Table}{section.3.1}% 22
\BOOKMARK [2][-]{subsection.3.1.2}{3.1.2 Thread Library}{section.3.1}% 23
\BOOKMARK [1][-]{section.3.2}{3.2 Scheduler}{chapter.3}% 24
\BOOKMARK [2][-]{subsection.3.2.1}{3.2.1 Idle thread}{section.3.2}% 25
\BOOKMARK [1][-]{section.3.3}{3.3 Context Switch}{chapter.3}% 26
\BOOKMARK [2][-]{subsection.3.3.1}{3.3.1 Interrupt Vectors}{section.3.3}% 27
\BOOKMARK [2][-]{subsection.3.3.2}{3.3.2 Context Switching Code}{section.3.3}% 28
\BOOKMARK [2][-]{subsection.3.3.3}{3.3.3 Thread Contexts}{section.3.3}% 29
\BOOKMARK [1][-]{section.3.4}{3.4 Exception Processing in Kernel Mode}{chapter.3}% 30
\BOOKMARK [1][-]{Item.20}{Exercises}{chapter.3}% 31
\BOOKMARK [0][-]{chapter.4}{4 Synchronization Mechanisms}{}% 32
\BOOKMARK [1][-]{section.4.1}{4.1 Spinlocks}{chapter.4}% 33
\BOOKMARK [2][-]{subsection.4.1.1}{4.1.1 LL and SC Instructions}{section.4.1}% 34
\BOOKMARK [2][-]{subsection.4.1.2}{4.1.2 Spinlock Implementation}{section.4.1}% 35
\BOOKMARK [1][-]{section.4.2}{4.2 Sleep Queue}{chapter.4}% 36
\BOOKMARK [2][-]{subsection.4.2.1}{4.2.1 Using the Sleep Queue}{section.4.2}% 37
\BOOKMARK [2][-]{subsection.4.2.2}{4.2.2 How the Sleep Queue is Implemented}{section.4.2}% 38
\BOOKMARK [1][-]{section.4.3}{4.3 Semaphores}{chapter.4}% 39
\BOOKMARK [2][-]{subsection.4.3.1}{4.3.1 Semaphore Implementation}{section.4.3}% 40
\BOOKMARK [1][-]{Item.66}{Exercises}{chapter.4}% 41
\BOOKMARK [0][-]{chapter.5}{5 Userland Processes}{}% 42
\BOOKMARK [1][-]{section.5.1}{5.1 Process Startup}{chapter.5}% 43
\BOOKMARK [1][-]{section.5.2}{5.2 Userland Binary Format}{chapter.5}% 44
\BOOKMARK [1][-]{section.5.3}{5.3 Exception Handling}{chapter.5}% 45
\BOOKMARK [1][-]{section.5.4}{5.4 System Calls}{chapter.5}% 46
\BOOKMARK [2][-]{subsection.5.4.1}{5.4.1 How System Calls Work}{section.5.4}% 47
\BOOKMARK [2][-]{subsection.5.4.2}{5.4.2 System Calls in BUENOS}{section.5.4}% 48
\BOOKMARK [1][-]{section*.47}{Exercises}{chapter.5}% 49
\BOOKMARK [0][-]{chapter.6}{6 Virtual Memory}{}% 50
\BOOKMARK [1][-]{section.6.1}{6.1 Hardware Support for Virtual Memory}{chapter.6}% 51
\BOOKMARK [1][-]{section.6.2}{6.2 Virtual memory initialization}{chapter.6}% 52
\BOOKMARK [1][-]{section.6.3}{6.3 Page Pool}{chapter.6}% 53
\BOOKMARK [1][-]{section.6.4}{6.4 Pagetables and Memory Mapping}{chapter.6}% 54
\BOOKMARK [1][-]{section.6.5}{6.5 TLB}{chapter.6}% 55
\BOOKMARK [2][-]{subsection.6.5.1}{6.5.1 TLB dual entries and ASID in MIPS32 architectures}{section.6.5}% 56
\BOOKMARK [2][-]{subsection.6.5.2}{6.5.2 TLB miss exception, Load reference}{section.6.5}% 57
\BOOKMARK [2][-]{subsection.6.5.3}{6.5.3 TLB miss exception, Store reference}{section.6.5}% 58
\BOOKMARK [2][-]{subsection.6.5.4}{6.5.4 TLB modified exception}{section.6.5}% 59
\BOOKMARK [2][-]{subsection.6.5.5}{6.5.5 TLB wrapper functions in BUENOS}{section.6.5}% 60
\BOOKMARK [1][-]{Item.146}{Exercises}{chapter.6}% 61
\BOOKMARK [0][-]{chapter.7}{7 Filesystem}{}% 62
\BOOKMARK [1][-]{section.7.1}{7.1 Filesystem Conventions}{chapter.7}% 63
\BOOKMARK [1][-]{section.7.2}{7.2 Filesystem Layers}{chapter.7}% 64
\BOOKMARK [1][-]{section.7.3}{7.3 Virtual Filesystem}{chapter.7}% 65
\BOOKMARK [2][-]{subsection.7.3.1}{7.3.1 Return Values}{section.7.3}% 66
\BOOKMARK [2][-]{subsection.7.3.2}{7.3.2 Limits}{section.7.3}% 67
\BOOKMARK [2][-]{subsection.7.3.3}{7.3.3 Internal Data Structures}{section.7.3}% 68
\BOOKMARK [2][-]{subsection.7.3.4}{7.3.4 VFS Operations}{section.7.3}% 69
\BOOKMARK [2][-]{subsection.7.3.5}{7.3.5 File Operations}{section.7.3}% 70
\BOOKMARK [2][-]{subsection.7.3.6}{7.3.6 Filesystem Operations}{section.7.3}% 71
\BOOKMARK [2][-]{subsection.7.3.7}{7.3.7 Filesystem Driver Interface}{section.7.3}% 72
\BOOKMARK [1][-]{section.7.4}{7.4 Trivial Filesystem}{chapter.7}% 73
\BOOKMARK [2][-]{subsection.7.4.1}{7.4.1 TFS Driver Module}{section.7.4}% 74
\BOOKMARK [1][-]{Item.327}{Exercises}{chapter.7}% 75
\BOOKMARK [0][-]{chapter.8}{8 Networking}{}% 76
\BOOKMARK [1][-]{section.8.1}{8.1 Network Services}{chapter.8}% 77
\BOOKMARK [1][-]{section.8.2}{8.2 Packet Oriented Transport Protocol}{chapter.8}% 78
\BOOKMARK [2][-]{subsection.8.2.1}{8.2.1 Sockets}{section.8.2}% 79
\BOOKMARK [2][-]{subsection.8.2.2}{8.2.2 POP-Specific Structures and Functions}{section.8.2}% 80
\BOOKMARK [1][-]{section.8.3}{8.3 Stream Oriented Protocol API}{chapter.8}% 81
\BOOKMARK [1][-]{section*.121}{Exercises}{chapter.8}% 82
\BOOKMARK [0][-]{chapter.9}{9 Device Drivers}{}% 83
\BOOKMARK [1][-]{section.9.1}{9.1 Interrupt Handlers}{chapter.9}% 84
\BOOKMARK [1][-]{section.9.2}{9.2 Device Abstraction Layers}{chapter.9}% 85
\BOOKMARK [2][-]{subsection.9.2.1}{9.2.1 Device Driver Implementor's Checklist}{section.9.2}% 86
\BOOKMARK [2][-]{subsection.9.2.2}{9.2.2 Device Driver Interface}{section.9.2}% 87
\BOOKMARK [2][-]{subsection.9.2.3}{9.2.3 Generic Character Device}{section.9.2}% 88
\BOOKMARK [2][-]{subsection.9.2.4}{9.2.4 Generic Block Device}{section.9.2}% 89
\BOOKMARK [2][-]{subsection.9.2.5}{9.2.5 Generic Network Device}{section.9.2}% 90
\BOOKMARK [1][-]{section.9.3}{9.3 Drivers}{chapter.9}% 91
\BOOKMARK [2][-]{subsection.9.3.1}{9.3.1 Polling TTY driver}{section.9.3}% 92
\BOOKMARK [2][-]{subsection.9.3.2}{9.3.2 Interrupt driven TTY driver}{section.9.3}% 93
\BOOKMARK [2][-]{subsection.9.3.3}{9.3.3 Network driver}{section.9.3}% 94
\BOOKMARK [2][-]{subsection.9.3.4}{9.3.4 Disk driver}{section.9.3}% 95
\BOOKMARK [2][-]{subsection.9.3.5}{9.3.5 Timer driver}{section.9.3}% 96
\BOOKMARK [2][-]{subsection.9.3.6}{9.3.6 Metadevice Drivers}{section.9.3}% 97
\BOOKMARK [1][-]{section*.160}{Exercises}{chapter.9}% 98
\BOOKMARK [0][-]{chapter.10}{10 Booting and Initializing Hardware}{}% 99
\BOOKMARK [1][-]{section.10.1}{10.1 In the Beginning There was \137boot.S \203}{chapter.10}% 100
\BOOKMARK [1][-]{section.10.2}{10.2 Hardware and Kernel Initialization}{chapter.10}% 101
\BOOKMARK [1][-]{section.10.3}{10.3 System Start-up}{chapter.10}% 102
\BOOKMARK [0][-]{appendix.A}{A Kernel Boot Arguments}{}% 103
\BOOKMARK [0][-]{appendix.B}{B Kernel Configuration Settings}{}% 104
\BOOKMARK [0][-]{appendix.C}{C Example YAMS Configurations}{}% 105
\BOOKMARK [1][-]{section.C.1}{C.1 Disk}{appendix.C}% 106
\BOOKMARK [0][-]{section*.177}{Bibliography}{}% 107
