This is pdfTeX, Version 3.1415926-2.5-1.40.14 (MiKTeX 2.9) (preloaded format=pdflatex 2014.4.6)  28 MAY 2014 15:52
entering extended mode
**C:/Users/Phail/Desktop/Bachelorproject/roadmap/roadmap.tex
(C:/Users/Phail/Desktop/Bachelorproject/roadmap/roadmap.tex
LaTeX2e <2011/06/27>
Babel <v3.8m> and hyphenation patterns for english, afrikaans, ancientgreek, ar
abic, armenian, assamese, basque, bengali, bokmal, bulgarian, catalan, coptic, 
croatian, czech, danish, dutch, esperanto, estonian, farsi, finnish, french, ga
lician, german, german-x-2013-05-26, greek, gujarati, hindi, hungarian, iceland
ic, indonesian, interlingua, irish, italian, kannada, kurmanji, latin, latvian,
 lithuanian, malayalam, marathi, mongolian, mongolianlmc, monogreek, ngerman, n
german-x-2013-05-26, nynorsk, oriya, panjabi, pinyin, polish, portuguese, roman
ian, russian, sanskrit, serbian, slovak, slovenian, spanish, swedish, swissgerm
an, tamil, telugu, turkish, turkmen, ukenglish, ukrainian, uppersorbian, usengl
ishmax, welsh, loaded.
("C:\Program Files (x86)\MiKTeX 2.9\tex\latex\base\report.cls"
Document Class: report 2007/10/19 v1.4h Standard LaTeX document class
("C:\Program Files (x86)\MiKTeX 2.9\tex\latex\base\size10.clo"
File: size10.clo 2007/10/19 v1.4h Standard LaTeX file (size option)
)
\c@part=\count79
\c@chapter=\count80
\c@section=\count81
\c@subsection=\count82
\c@subsubsection=\count83
\c@paragraph=\count84
\c@subparagraph=\count85
\c@figure=\count86
\c@table=\count87
\abovecaptionskip=\skip41
\belowcaptionskip=\skip42
\bibindent=\dimen102
)
(C:\Users\Phail\AppData\Roaming\MiKTeX\2.9\tex\latex\ntgclass\a4.sty
Package: a4 2004/04/15 v1.2g A4 based page layout
)
(C:\Users\Phail\AppData\Roaming\MiKTeX\2.9\tex\latex\epsf\epsf.sty
This is `epsf.tex' v2.7.4 <14 February 2011>
\epsffilein=\read1
\epsfframemargin=\dimen103
\epsfframethickness=\dimen104
\epsfrsize=\dimen105
\epsftmp=\dimen106
\epsftsize=\dimen107
\epsfxsize=\dimen108
\epsfysize=\dimen109
\pspoints=\dimen110
) ("C:\Program Files (x86)\MiKTeX 2.9\tex\latex\base\latexsym.sty"
Package: latexsym 1998/08/17 v2.2e Standard LaTeX package (lasy symbols)
\symlasy=\mathgroup4
LaTeX Font Info:    Overwriting symbol font `lasy' in version `bold'
(Font)                  U/lasy/m/n --> U/lasy/b/n on input line 47.
)
("C:\Program Files (x86)\MiKTeX 2.9\tex\latex\amsfonts\amssymb.sty"
Package: amssymb 2013/01/14 v3.01 AMS font symbols

("C:\Program Files (x86)\MiKTeX 2.9\tex\latex\amsfonts\amsfonts.sty"
Package: amsfonts 2013/01/14 v3.01 Basic AMSFonts support
\@emptytoks=\toks14
\symAMSa=\mathgroup5
\symAMSb=\mathgroup6
LaTeX Font Info:    Overwriting math alphabet `\mathfrak' in version `bold'
(Font)                  U/euf/m/n --> U/euf/b/n on input line 106.
))
("C:\Program Files (x86)\MiKTeX 2.9\tex\latex\graphics\graphicx.sty"
Package: graphicx 1999/02/16 v1.0f Enhanced LaTeX Graphics (DPC,SPQR)

("C:\Program Files (x86)\MiKTeX 2.9\tex\latex\graphics\keyval.sty"
Package: keyval 1999/03/16 v1.13 key=value parser (DPC)
\KV@toks@=\toks15
)
("C:\Program Files (x86)\MiKTeX 2.9\tex\latex\graphics\graphics.sty"
Package: graphics 2009/02/05 v1.0o Standard LaTeX Graphics (DPC,SPQR)

("C:\Program Files (x86)\MiKTeX 2.9\tex\latex\graphics\trig.sty"
Package: trig 1999/03/16 v1.09 sin cos tan (DPC)
)
("C:\Program Files (x86)\MiKTeX 2.9\tex\latex\00miktex\graphics.cfg"
File: graphics.cfg 2007/01/18 v1.5 graphics configuration of teTeX/TeXLive
)
Package graphics Info: Driver file: dvips.def on input line 91.

("C:\Program Files (x86)\MiKTeX 2.9\tex\latex\graphics\dvips.def"
File: dvips.def 1999/02/16 v3.0i Driver-dependant file (DPC,SPQR)
))
\Gin@req@height=\dimen111
\Gin@req@width=\dimen112
)
("C:\Program Files (x86)\MiKTeX 2.9\tex\latex\base\makeidx.sty"
Package: makeidx 2000/03/29 v1.0m Standard LaTeX package
)
("C:\Program Files (x86)\MiKTeX 2.9\tex\latex\base\textcomp.sty"
Package: textcomp 2005/09/27 v1.99g Standard LaTeX package
Package textcomp Info: Sub-encoding information:
(textcomp)               5 = only ISO-Adobe without \textcurrency
(textcomp)               4 = 5 + \texteuro
(textcomp)               3 = 4 + \textohm
(textcomp)               2 = 3 + \textestimated + \textcurrency
(textcomp)               1 = TS1 - \textcircled - \t
(textcomp)               0 = TS1 (full)
(textcomp)             Font families with sub-encoding setting implement
(textcomp)             only a restricted character set as indicated.
(textcomp)             Family '?' is the default used for unknown fonts.
(textcomp)             See the documentation for details.
Package textcomp Info: Setting ? sub-encoding to TS1/1 on input line 71.

("C:\Program Files (x86)\MiKTeX 2.9\tex\latex\base\ts1enc.def"
File: ts1enc.def 2001/06/05 v3.0e (jk/car/fm) Standard LaTeX file
)
LaTeX Info: Redefining \oldstylenums on input line 266.
Package textcomp Info: Setting cmr sub-encoding to TS1/0 on input line 281.
Package textcomp Info: Setting cmss sub-encoding to TS1/0 on input line 282.
Package textcomp Info: Setting cmtt sub-encoding to TS1/0 on input line 283.
Package textcomp Info: Setting cmvtt sub-encoding to TS1/0 on input line 284.
Package textcomp Info: Setting cmbr sub-encoding to TS1/0 on input line 285.
Package textcomp Info: Setting cmtl sub-encoding to TS1/0 on input line 286.
Package textcomp Info: Setting ccr sub-encoding to TS1/0 on input line 287.
Package textcomp Info: Setting ptm sub-encoding to TS1/4 on input line 288.
Package textcomp Info: Setting pcr sub-encoding to TS1/4 on input line 289.
Package textcomp Info: Setting phv sub-encoding to TS1/4 on input line 290.
Package textcomp Info: Setting ppl sub-encoding to TS1/3 on input line 291.
Package textcomp Info: Setting pag sub-encoding to TS1/4 on input line 292.
Package textcomp Info: Setting pbk sub-encoding to TS1/4 on input line 293.
Package textcomp Info: Setting pnc sub-encoding to TS1/4 on input line 294.
Package textcomp Info: Setting pzc sub-encoding to TS1/4 on input line 295.
Package textcomp Info: Setting bch sub-encoding to TS1/4 on input line 296.
Package textcomp Info: Setting put sub-encoding to TS1/5 on input line 297.
Package textcomp Info: Setting uag sub-encoding to TS1/5 on input line 298.
Package textcomp Info: Setting ugq sub-encoding to TS1/5 on input line 299.
Package textcomp Info: Setting ul8 sub-encoding to TS1/4 on input line 300.
Package textcomp Info: Setting ul9 sub-encoding to TS1/4 on input line 301.
Package textcomp Info: Setting augie sub-encoding to TS1/5 on input line 302.
Package textcomp Info: Setting dayrom sub-encoding to TS1/3 on input line 303.
Package textcomp Info: Setting dayroms sub-encoding to TS1/3 on input line 304.

Package textcomp Info: Setting pxr sub-encoding to TS1/0 on input line 305.
Package textcomp Info: Setting pxss sub-encoding to TS1/0 on input line 306.
Package textcomp Info: Setting pxtt sub-encoding to TS1/0 on input line 307.
Package textcomp Info: Setting txr sub-encoding to TS1/0 on input line 308.
Package textcomp Info: Setting txss sub-encoding to TS1/0 on input line 309.
Package textcomp Info: Setting txtt sub-encoding to TS1/0 on input line 310.
Package textcomp Info: Setting lmr sub-encoding to TS1/0 on input line 311.
Package textcomp Info: Setting lmdh sub-encoding to TS1/0 on input line 312.
Package textcomp Info: Setting lmss sub-encoding to TS1/0 on input line 313.
Package textcomp Info: Setting lmssq sub-encoding to TS1/0 on input line 314.
Package textcomp Info: Setting lmvtt sub-encoding to TS1/0 on input line 315.
Package textcomp Info: Setting qhv sub-encoding to TS1/0 on input line 316.
Package textcomp Info: Setting qag sub-encoding to TS1/0 on input line 317.
Package textcomp Info: Setting qbk sub-encoding to TS1/0 on input line 318.
Package textcomp Info: Setting qcr sub-encoding to TS1/0 on input line 319.
Package textcomp Info: Setting qcs sub-encoding to TS1/0 on input line 320.
Package textcomp Info: Setting qpl sub-encoding to TS1/0 on input line 321.
Package textcomp Info: Setting qtm sub-encoding to TS1/0 on input line 322.
Package textcomp Info: Setting qzc sub-encoding to TS1/0 on input line 323.
Package textcomp Info: Setting qhvc sub-encoding to TS1/0 on input line 324.
Package textcomp Info: Setting futs sub-encoding to TS1/4 on input line 325.
Package textcomp Info: Setting futx sub-encoding to TS1/4 on input line 326.
Package textcomp Info: Setting futj sub-encoding to TS1/4 on input line 327.
Package textcomp Info: Setting hlh sub-encoding to TS1/3 on input line 328.
Package textcomp Info: Setting hls sub-encoding to TS1/3 on input line 329.
Package textcomp Info: Setting hlst sub-encoding to TS1/3 on input line 330.
Package textcomp Info: Setting hlct sub-encoding to TS1/5 on input line 331.
Package textcomp Info: Setting hlx sub-encoding to TS1/5 on input line 332.
Package textcomp Info: Setting hlce sub-encoding to TS1/5 on input line 333.
Package textcomp Info: Setting hlcn sub-encoding to TS1/5 on input line 334.
Package textcomp Info: Setting hlcw sub-encoding to TS1/5 on input line 335.
Package textcomp Info: Setting hlcf sub-encoding to TS1/5 on input line 336.
Package textcomp Info: Setting pplx sub-encoding to TS1/3 on input line 337.
Package textcomp Info: Setting pplj sub-encoding to TS1/3 on input line 338.
Package textcomp Info: Setting ptmx sub-encoding to TS1/4 on input line 339.
Package textcomp Info: Setting ptmj sub-encoding to TS1/4 on input line 340.
)
(C:\Users\Phail\AppData\Roaming\MiKTeX\2.9\tex\latex\marvosym\marvosym.sty
Package: marvosym 2011/07/20 v2.2 Martin Vogel's Symbols font definitions
)
("C:\Program Files (x86)\MiKTeX 2.9\tex\latex\tools\tabularx.sty"
Package: tabularx 1999/01/07 v2.07 `tabularx' package (DPC)

("C:\Program Files (x86)\MiKTeX 2.9\tex\latex\tools\array.sty"
Package: array 2008/09/09 v2.4c Tabular extension package (FMi)
\col@sep=\dimen113
\extrarowheight=\dimen114
\NC@list=\toks16
\extratabsurround=\skip43
\backup@length=\skip44
)
\TX@col@width=\dimen115
\TX@old@table=\dimen116
\TX@old@col=\dimen117
\TX@target=\dimen118
\TX@delta=\dimen119
\TX@cols=\count88
\TX@ftn=\toks17
)
("C:\Program Files (x86)\MiKTeX 2.9\tex\latex\tools\longtable.sty"
Package: longtable 2004/02/01 v4.11 Multi-page Table package (DPC)
\LTleft=\skip45
\LTright=\skip46
\LTpre=\skip47
\LTpost=\skip48
\LTchunksize=\count89
\LTcapwidth=\dimen120
\LT@head=\box26
\LT@firsthead=\box27
\LT@foot=\box28
\LT@lastfoot=\box29
\LT@cols=\count90
\LT@rows=\count91
\c@LT@tables=\count92
\c@LT@chunks=\count93
\LT@p@ftn=\toks18
)
("C:\Program Files (x86)\MiKTeX 2.9\tex\latex\tools\calc.sty"
Package: calc 2007/08/22 v4.3 Infix arithmetic (KKT,FJ)
\calc@Acount=\count94
\calc@Bcount=\count95
\calc@Adimen=\dimen121
\calc@Bdimen=\dimen122
\calc@Askip=\skip49
\calc@Bskip=\skip50
LaTeX Info: Redefining \setlength on input line 76.
LaTeX Info: Redefining \addtolength on input line 77.
\calc@Ccount=\count96
\calc@Cskip=\skip51
)
("C:\Program Files (x86)\MiKTeX 2.9\tex\latex\graphics\color.sty"
Package: color 2005/11/14 v1.0j Standard LaTeX Color (DPC)

("C:\Program Files (x86)\MiKTeX 2.9\tex\latex\00miktex\color.cfg"
File: color.cfg 2007/01/18 v1.5 color configuration of teTeX/TeXLive
)
Package color Info: Driver file: pdftex.def on input line 130.

("C:\Program Files (x86)\MiKTeX 2.9\tex\latex\pdftex-def\pdftex.def"
File: pdftex.def 2011/05/27 v0.06d Graphics/color for pdfTeX

("C:\Program Files (x86)\MiKTeX 2.9\tex\generic\oberdiek\infwarerr.sty"
Package: infwarerr 2010/04/08 v1.3 Providing info/warning/error messages (HO)
)
("C:\Program Files (x86)\MiKTeX 2.9\tex\generic\oberdiek\ltxcmds.sty"
Package: ltxcmds 2011/11/09 v1.22 LaTeX kernel commands for general use (HO)
)
\Gread@gobject=\count97
))
("C:\Program Files (x86)\MiKTeX 2.9\tex\latex\hyperref\hyperref.sty"
Package: hyperref 2012/11/06 v6.83m Hypertext links for LaTeX

("C:\Program Files (x86)\MiKTeX 2.9\tex\generic\oberdiek\hobsub-hyperref.sty"
Package: hobsub-hyperref 2012/04/25 v1.12 Bundle oberdiek, subset hyperref (HO)


("C:\Program Files (x86)\MiKTeX 2.9\tex\generic\oberdiek\hobsub-generic.sty"
Package: hobsub-generic 2012/04/25 v1.12 Bundle oberdiek, subset generic (HO)
Package: hobsub 2012/04/25 v1.12 Construct package bundles (HO)
Package hobsub Info: Skipping package `infwarerr' (already loaded).
Package hobsub Info: Skipping package `ltxcmds' (already loaded).
Package: ifluatex 2010/03/01 v1.3 Provides the ifluatex switch (HO)
Package ifluatex Info: LuaTeX not detected.
Package: ifvtex 2010/03/01 v1.5 Detect VTeX and its facilities (HO)
Package ifvtex Info: VTeX not detected.
Package: intcalc 2007/09/27 v1.1 Expandable calculations with integers (HO)
Package: ifpdf 2011/01/30 v2.3 Provides the ifpdf switch (HO)
Package ifpdf Info: pdfTeX in PDF mode is detected.
Package: etexcmds 2011/02/16 v1.5 Avoid name clashes with e-TeX commands (HO)
Package etexcmds Info: Could not find \expanded.
(etexcmds)             That can mean that you are not using pdfTeX 1.50 or
(etexcmds)             that some package has redefined \expanded.
(etexcmds)             In the latter case, load this package earlier.
Package: kvsetkeys 2012/04/25 v1.16 Key value parser (HO)
Package: kvdefinekeys 2011/04/07 v1.3 Define keys (HO)
Package: pdftexcmds 2011/11/29 v0.20 Utility functions of pdfTeX for LuaTeX (HO
)
Package pdftexcmds Info: LuaTeX not detected.
Package pdftexcmds Info: \pdf@primitive is available.
Package pdftexcmds Info: \pdf@ifprimitive is available.
Package pdftexcmds Info: \pdfdraftmode found.
Package: pdfescape 2011/11/25 v1.13 Implements pdfTeX's escape features (HO)
Package: bigintcalc 2012/04/08 v1.3 Expandable calculations on big integers (HO
)
Package: bitset 2011/01/30 v1.1 Handle bit-vector datatype (HO)
Package: uniquecounter 2011/01/30 v1.2 Provide unlimited unique counter (HO)
)
Package hobsub Info: Skipping package `hobsub' (already loaded).
Package: letltxmacro 2010/09/02 v1.4 Let assignment for LaTeX macros (HO)
Package: hopatch 2011/06/24 v1.1 Wrapper for package hooks (HO)
Package: xcolor-patch 2011/01/30 xcolor patch
Package: atveryend 2011/06/30 v1.8 Hooks at the very end of document (HO)
Package atveryend Info: \enddocument detected (standard20110627).
Package: atbegshi 2011/10/05 v1.16 At begin shipout hook (HO)
Package: refcount 2011/10/16 v3.4 Data extraction from label references (HO)
Package: hycolor 2011/01/30 v1.7 Color options for hyperref/bookmark (HO)
)
("C:\Program Files (x86)\MiKTeX 2.9\tex\generic\ifxetex\ifxetex.sty"
Package: ifxetex 2010/09/12 v0.6 Provides ifxetex conditional
)
("C:\Program Files (x86)\MiKTeX 2.9\tex\latex\oberdiek\auxhook.sty"
Package: auxhook 2011/03/04 v1.3 Hooks for auxiliary files (HO)
)
("C:\Program Files (x86)\MiKTeX 2.9\tex\latex\oberdiek\kvoptions.sty"
Package: kvoptions 2011/06/30 v3.11 Key value format for package options (HO)
)
\@linkdim=\dimen123
\Hy@linkcounter=\count98
\Hy@pagecounter=\count99

("C:\Program Files (x86)\MiKTeX 2.9\tex\latex\hyperref\pd1enc.def"
File: pd1enc.def 2012/11/06 v6.83m Hyperref: PDFDocEncoding definition (HO)
)
\Hy@SavedSpaceFactor=\count100

("C:\Program Files (x86)\MiKTeX 2.9\tex\latex\00miktex\hyperref.cfg"
File: hyperref.cfg 2002/06/06 v1.2 hyperref configuration of TeXLive
)
Package hyperref Info: Option `bookmarks' set `true' on input line 4319.
Package hyperref Info: Option `bookmarksnumbered' set `true' on input line 4319
.
Package hyperref Info: Option `breaklinks' set `true' on input line 4319.
Package hyperref Info: Option `colorlinks' set `true' on input line 4319.
Package hyperref Info: Hyper figures OFF on input line 4443.
Package hyperref Info: Link nesting OFF on input line 4448.
Package hyperref Info: Hyper index ON on input line 4451.
Package hyperref Info: Plain pages OFF on input line 4458.
Package hyperref Info: Backreferencing OFF on input line 4463.
Package hyperref Info: Implicit mode ON; LaTeX internals redefined.
Package hyperref Info: Bookmarks ON on input line 4688.
\c@Hy@tempcnt=\count101

(C:\Users\Phail\AppData\Roaming\MiKTeX\2.9\tex\latex\url\url.sty
\Urlmuskip=\muskip10
Package: url 2013/09/16  ver 3.4  Verb mode for urls, etc.
)
LaTeX Info: Redefining \url on input line 5041.
\XeTeXLinkMargin=\dimen124
\Fld@menulength=\count102
\Field@Width=\dimen125
\Fld@charsize=\dimen126
Package hyperref Info: Hyper figures OFF on input line 6295.
Package hyperref Info: Link nesting OFF on input line 6300.
Package hyperref Info: Hyper index ON on input line 6303.
Package hyperref Info: backreferencing OFF on input line 6310.
Package hyperref Info: Link coloring ON on input line 6313.
Package hyperref Info: Link coloring with OCG OFF on input line 6320.
Package hyperref Info: PDF/A mode OFF on input line 6325.
LaTeX Info: Redefining \ref on input line 6365.
LaTeX Info: Redefining \pageref on input line 6369.
\Hy@abspage=\count103
\c@Item=\count104
\c@Hfootnote=\count105
)

Package hyperref Message: Driver (autodetected): hpdftex.

("C:\Program Files (x86)\MiKTeX 2.9\tex\latex\hyperref\hpdftex.def"
File: hpdftex.def 2012/11/06 v6.83m Hyperref driver for pdfTeX
\Fld@listcount=\count106
\c@bookmark@seq@number=\count107

("C:\Program Files (x86)\MiKTeX 2.9\tex\latex\oberdiek\rerunfilecheck.sty"
Package: rerunfilecheck 2011/04/15 v1.7 Rerun checks for auxiliary files (HO)
Package uniquecounter Info: New unique counter `rerunfilecheck' on input line 2
82.
)
\Hy@SectionHShift=\skip52
)
\tablewidth=\skip53
\c@exercisec=\count108
\@indexfile=\write3

Writing index file roadmap.idx
(C:\Users\Phail\AppData\Roaming\MiKTeX\2.9\tex\latex\fancyhdr\fancyhdr.sty
\fancy@headwidth=\skip54
\f@ncyO@elh=\skip55
\f@ncyO@erh=\skip56
\f@ncyO@olh=\skip57
\f@ncyO@orh=\skip58
\f@ncyO@elf=\skip59
\f@ncyO@erf=\skip60
\f@ncyO@olf=\skip61
\f@ncyO@orf=\skip62
)
(C:\Users\Phail\Desktop\Bachelorproject\roadmap\roadmap.aux)
LaTeX Font Info:    Checking defaults for OML/cmm/m/it on input line 198.
LaTeX Font Info:    ... okay on input line 198.
LaTeX Font Info:    Checking defaults for T1/cmr/m/n on input line 198.
LaTeX Font Info:    ... okay on input line 198.
LaTeX Font Info:    Checking defaults for OT1/cmr/m/n on input line 198.
LaTeX Font Info:    ... okay on input line 198.
LaTeX Font Info:    Checking defaults for OMS/cmsy/m/n on input line 198.
LaTeX Font Info:    ... okay on input line 198.
LaTeX Font Info:    Checking defaults for OMX/cmex/m/n on input line 198.
LaTeX Font Info:    ... okay on input line 198.
LaTeX Font Info:    Checking defaults for U/cmr/m/n on input line 198.
LaTeX Font Info:    ... okay on input line 198.
LaTeX Font Info:    Checking defaults for TS1/cmr/m/n on input line 198.
LaTeX Font Info:    Try loading font information for TS1+cmr on input line 198.


("C:\Program Files (x86)\MiKTeX 2.9\tex\latex\base\ts1cmr.fd"
File: ts1cmr.fd 1999/05/25 v2.5h Standard LaTeX font definitions
)
LaTeX Font Info:    ... okay on input line 198.
LaTeX Font Info:    Checking defaults for PD1/pdf/m/n on input line 198.
LaTeX Font Info:    ... okay on input line 198.

(C:\Users\Phail\AppData\Roaming\MiKTeX\2.9\tex\context\base\supp-pdf.mkii
[Loading MPS to PDF converter (version 2006.09.02).]
\scratchcounter=\count109
\scratchdimen=\dimen127
\scratchbox=\box30
\nofMPsegments=\count110
\nofMParguments=\count111
\everyMPshowfont=\toks19
\MPscratchCnt=\count112
\MPscratchDim=\dimen128
\MPnumerator=\count113
\makeMPintoPDFobject=\count114
\everyMPtoPDFconversion=\toks20
)
\AtBeginShipoutBox=\box31
Package hyperref Info: Link coloring ON on input line 198.
 ("C:\Program Files (x86)\MiKTeX 2.9\tex\latex\hyperref\nameref.sty"
Package: nameref 2012/10/27 v2.43 Cross-referencing by name of section

("C:\Program Files (x86)\MiKTeX 2.9\tex\generic\oberdiek\gettitlestring.sty"
Package: gettitlestring 2010/12/03 v1.4 Cleanup title references (HO)
)
\c@section@level=\count115
)
LaTeX Info: Redefining \ref on input line 198.
LaTeX Info: Redefining \pageref on input line 198.
LaTeX Info: Redefining \nameref on input line 198.

(C:\Users\Phail\Desktop\Bachelorproject\roadmap\roadmap.out)
(C:\Users\Phail\Desktop\Bachelorproject\roadmap\roadmap.out)
\@outlinefile=\write4
LaTeX Font Info:    Font shape `OT1/cmtt/bx/n' in size <24.88> not available
(Font)              Font shape `OT1/cmtt/m/n' tried instead on input line 207.
LaTeX Font Info:    Font shape `OT1/cmtt/bx/n' in size <12> not available
(Font)              Font shape `OT1/cmtt/m/n' tried instead on input line 213.

Underfull \hbox (badness 10000) in paragraph at lines 220--222

 []

[1

{C:/Users/Phail/AppData/Local/MiKTeX/2.9/pdftex/config/pdftex.map}]
LaTeX Font Info:    Font shape `OT1/cmtt/bx/n' in size <10> not available
(Font)              Font shape `OT1/cmtt/m/n' tried instead on input line 226.
 [2]
(C:\Users\Phail\Desktop\Bachelorproject\roadmap\roadmap.toc
LaTeX Font Info:    Try loading font information for U+lasy on input line 2.

("C:\Program Files (x86)\MiKTeX 2.9\tex\latex\base\ulasy.fd"
File: ulasy.fd 1998/08/17 v2.2e LaTeX symbol font definitions
)
LaTeX Font Info:    Try loading font information for U+msa on input line 2.

("C:\Program Files (x86)\MiKTeX 2.9\tex\latex\amsfonts\umsa.fd"
File: umsa.fd 2013/01/14 v3.01 AMS symbols A
)
LaTeX Font Info:    Try loading font information for U+msb on input line 2.

("C:\Program Files (x86)\MiKTeX 2.9\tex\latex\amsfonts\umsb.fd"
File: umsb.fd 2013/01/14 v3.01 AMS symbols B
) [3

] [4])
\tf@toc=\write5

[5] [6

]
Chapter 1.
pdfTeX warning (ext4): destination with the same identifier (name{page.1}) has 
been already used, duplicate ignored
<to be read again> 
                   \relax 
l.328 \chapter
              {Kernel Overview} [1

]
Chapter 2.
<pics/architecture.png, id=586, 501.875pt x 351.3125pt>
File: pics/architecture.png Graphic file (type png)

<use pics/architecture.png>
Package pdftex.def Info: pics/architecture.png used on input line 347.
(pdftex.def)             Requested size: 332.89725pt x 233.04092pt.
pdfTeX warning (ext4): destination with the same identifier (name{page.2}) has 
been already used, duplicate ignored
<to be read again> 
                   \relax 
l.399 
       [2

]pdfTeX warning (ext4): destination with the same identifier (name{page.3}) has
 been already used, duplicate ignored
<to be read again> 
                   \relax 
l.437 
       [3 <C:/Users/Phail/Desktop/Bachelorproject/roadmap/pics/architecture.png
>] <pics/kudos_memory.png, id=609, 327.2225pt x 501.875pt>
File: pics/kudos_memory.png Graphic file (type png)

<use pics/kudos_memory.png>
Package pdftex.def Info: pics/kudos_memory.png used on input line 453.
(pdftex.def)             Requested size: 332.89725pt x 510.58089pt.
pdfTeX warning (ext4): destination with the same identifier (name{page.4}) has 
been already used, duplicate ignored
<to be read again> 
                   \relax 
l.521 O
       therwise, the SMP support should be completely transparent. Of course
[4]pdfTeX warning (ext4): destination with the same identifier (name{page.5}) h
as been already used, duplicate ignored
<to be read again> 
                   \relax 
l.521 O
       therwise, the SMP support should be completely transparent. Of course
[5 <C:/Users/Phail/Desktop/Bachelorproject/roadmap/pics/kudos_memory.png>]pdfTe
X warning (ext4): destination with the same identifier (name{page.6}) has been 
already used, duplicate ignored
<to be read again> 
                   \relax 
l.594 
       [6] [7] [8]
Chapter 3.
[9

] <pics/thread_states.png, id=654, 501.875pt x 148.555pt>
File: pics/thread_states.png Graphic file (type png)

<use pics/thread_states.png>
Package pdftex.def Info: pics/thread_states.png used on input line 824.
(pdftex.def)             Requested size: 332.89725pt x 98.54301pt.

Overfull \hbox (8.92767pt too wide) in paragraph at lines 958--960
\OT1/cmr/m/n/10 Threads can be ma-nip-u-lated by fol-low-ing func-tions im-ple-
mented in \OT1/cmtt/m/n/10 kernel/thread.c\OT1/cmr/m/n/10 : 
 []

[10 <C:/Users/Phail/Desktop/Bachelorproject/roadmap/pics/thread_states.png>]
[11] [12]
Underfull \hbox (badness 10000) in paragraph at lines 1043--1043
[]|\OT1/cmtt/m/n/10 kernel/thread.c,
 []


Underfull \hbox (badness 10000) in paragraph at lines 1044--1044
[]|\OT1/cmtt/m/n/10 kernel/Mips/[]tread.h,
 []


Overfull \hbox (15.96783pt too wide) in paragraph at lines 1045--1045
[]|\OT1/cmtt/m/n/10 kernel/Mips/[]interrupt.s,
 []


Overfull \hbox (3.99792pt too wide) in paragraph at lines 1046--1046
[]|\OT1/cmtt/m/n/10 kernel/x86[]64/[]tread.h,
 []


Underfull \hbox (badness 10000) in paragraph at lines 1048--1048
[]|\OT1/cmtt/m/n/10 kernel/x86[]64/[]irq.s,
 []


Overfull \hbox (21.21779pt too wide) in paragraph at lines 1048--1048
\OT1/cmtt/m/n/10 kernel/x86[]64/interrupt.c,
 []

[13] [14]
Underfull \hbox (badness 10000) in paragraph at lines 1200--1200
[]|\OT1/cmtt/m/n/10 kernel/scheduler.c,
 []

[15]
Overfull \hbox (6.89445pt too wide) in paragraph at lines 1331--1341
[]\OT1/cmr/m/n/10 (see [][]sec-tion 3.2[][][]). The cur-rent thread is found fr
om \OT1/cmtt/m/n/10 scheduler[]current[]thread\OT1/cmr/m/n/10 -
 []

[16]
Underfull \hbox (badness 2469) in paragraph at lines 1361--1363
[]\OT1/cmr/m/n/10 This is
 []

[17] [18]
Underfull \hbox (badness 10000) in paragraph at lines 1541--1541
[]|\OT1/cmtt/m/n/10 kernel/exception.h,
 []

LaTeX Font Info:    Try loading font information for U+mvs on input line 1563.
(C:\Users\Phail\AppData\Roaming\MiKTeX\2.9\tex\latex\marvosym\umvs.fd) [19]
Chapter 4.
[20

] [21]
Underfull \vbox (badness 2285) has occurred while \output is active []

 [22]
File: pics/sleepq.eps Graphic file (type eps)

<pics/sleepq.eps> [23
Non-PDF special ignored!]
Underfull \hbox (badness 10000) in paragraph at lines 1891--1891
[]|\OT1/cmtt/m/n/10 kernel/sleepq.h,
 []

[24] [25]
Underfull \hbox (badness 10000) in paragraph at lines 2039--2039
[]|\OT1/cmtt/m/n/10 kernel/semaphore.h,
 []

[26]
Overfull \hbox (5.2672pt too wide) in paragraph at lines 2126--2126
[]\OT1/cmtt/m/n/10 void condition[]broadcast(cond[]t *cond, lock[]t *condition[
]lock) 
 []

[27] [28] [29]
Chapter 5.
[30

]
Overfull \hbox (6.29272pt too wide) in paragraph at lines 2309--2311
[]\OT1/cmr/m/n/10 Create a new page ta-ble for this thread by call-ing \OT1/cmt
t/m/n/10 vm[]create[]pagetable()\OT1/cmr/m/n/10 . 
 []

[31] [32] [33]
Underfull \hbox (badness 10000) in paragraph at lines 2526--2526
[]|\OT1/cmtt/m/n/10 proc/elf.h,
 []


Underfull \hbox (badness 10000) in paragraph at lines 2528--2528
[]|\OT1/cmtt/m/n/10 proc/process.h,
 []

[34] [35] [36] [37] [38] [39] [40]
Chapter 6.
[41

] [42]
Underfull \hbox (badness 10000) in paragraph at lines 3100--3100
[]|\OT1/cmtt/m/n/10 tlb[]entry[]t
 []

[43] [44] [45]
Overfull \hbox (2.20688pt too wide) in paragraph at lines 3413--3416
\OT1/cmr/m/n/10 The fol-low-ing wrap-per func-tions to CP0 TLB op-er-a-tions, i
m-ple-mented in \OT1/cmtt/m/n/10 vm/[]tlb.S\OT1/cmr/m/n/10 ,
 []

[46] [47] [48] [49]
Underfull \hbox (badness 10000) in paragraph at lines 3618--3618
[]|\OT1/cmtt/m/n/10 vm/pagepool.h,
 []


Underfull \hbox (badness 10000) in paragraph at lines 3622--3622
[]|\OT1/cmtt/m/n/10 vm/tlb.h, vm/tlb.c,
 []

[50] [51]
Chapter 7.
[52

] [53]
Underfull \hbox (badness 10000) in paragraph at lines 3922--3922
[]|\OT1/cmtt/m/n/10 char
 []


Underfull \hbox (badness 10000) in paragraph at lines 3936--3936
[]|\OT1/cmtt/m/n/10 vfs[]entry[]t
 []


Underfull \hbox (badness 10000) in paragraph at lines 3936--3936
\OT1/cmtt/m/n/10 [CONFIG[]MAX[]
 []


Underfull \hbox (badness 10000) in paragraph at lines 3967--3967
[]|\OT1/cmtt/m/n/10 openfile[]entry[]t
 []


Underfull \hbox (badness 10000) in paragraph at lines 3967--3967
\OT1/cmtt/m/n/10 [CONFIG[]MAX[]
 []


Underfull \vbox (badness 1496) has occurred while \output is active []

 [54]
[55] [56] [57] [58] [59] [60] [61]
Underfull \hbox (badness 10000) in paragraph at lines 4658--4658
[]|\OT1/cmtt/m/n/10 int (*)(struct
 []


Underfull \hbox (badness 10000) in paragraph at lines 4663--4663
[]|\OT1/cmtt/m/n/10 int (*)(struct
 []


Underfull \hbox (badness 10000) in paragraph at lines 4663--4663
\OT1/cmtt/m/n/10 fs[]struct *fs, char
 []


Underfull \hbox (badness 10000) in paragraph at lines 4668--4668
[]|\OT1/cmtt/m/n/10 int (*)(struct
 []


Underfull \hbox (badness 10000) in paragraph at lines 4668--4668
\OT1/cmtt/m/n/10 fs[]struct *fs, int
 []


Underfull \hbox (badness 10000) in paragraph at lines 4677--4677
[]|\OT1/cmtt/m/n/10 int (*)(struct
 []


Underfull \hbox (badness 10000) in paragraph at lines 4677--4677
\OT1/cmtt/m/n/10 fs[]struct *fs,
 []


Underfull \hbox (badness 10000) in paragraph at lines 4677--4677
\OT1/cmtt/m/n/10 int fileid, void
 []


Underfull \hbox (badness 10000) in paragraph at lines 4677--4677
\OT1/cmtt/m/n/10 *buffer, int
 []


Underfull \hbox (badness 10000) in paragraph at lines 4677--4677
\OT1/cmtt/m/n/10 bufsize, int
 []


Underfull \hbox (badness 10000) in paragraph at lines 4686--4686
[]|\OT1/cmtt/m/n/10 int (*)(struct
 []


Underfull \hbox (badness 10000) in paragraph at lines 4686--4686
\OT1/cmtt/m/n/10 fs[]struct *fs,
 []


Underfull \hbox (badness 10000) in paragraph at lines 4686--4686
\OT1/cmtt/m/n/10 int fileid, void
 []


Underfull \hbox (badness 10000) in paragraph at lines 4686--4686
\OT1/cmtt/m/n/10 *buffer, int
 []


Underfull \hbox (badness 10000) in paragraph at lines 4686--4686
\OT1/cmtt/m/n/10 datasize, int
 []


Underfull \hbox (badness 10000) in paragraph at lines 4691--4691
[]|\OT1/cmtt/m/n/10 int (*)(struct
 []


Underfull \hbox (badness 10000) in paragraph at lines 4691--4691
\OT1/cmtt/m/n/10 fs[]struct *fs, char
 []


Underfull \hbox (badness 10000) in paragraph at lines 4691--4691
\OT1/cmtt/m/n/10 *filename, int
 []


Underfull \hbox (badness 10000) in paragraph at lines 4695--4695
[]|\OT1/cmtt/m/n/10 int (*)(struct
 []


Underfull \hbox (badness 10000) in paragraph at lines 4695--4695
\OT1/cmtt/m/n/10 fs[]struct *fs, char
 []


Underfull \hbox (badness 10000) in paragraph at lines 4699--4699
[]|\OT1/cmtt/m/n/10 int (*)(struct
 []


Underfull \vbox (badness 10000) detected at line 4701
 []

[62] [63] [64]

LaTeX Warning: Reference `sec:tfstool' on page 65 undefined on input line 4746.


File: pics/tfs.eps Graphic file (type eps)
<pics/tfs.eps>
Underfull \hbox (badness 10000) in paragraph at lines 4795--4795
[]|\OT1/cmtt/m/n/10 char
 []


Overfull \hbox (1.39146pt too wide) in paragraph at lines 4795--4795
\OT1/cmtt/m/n/10 [TFS[]VOLUMENAME[]
 []

[65
Non-PDF special ignored!]
Underfull \hbox (badness 10000) in paragraph at lines 4815--4815
[]|\OT1/cmtt/m/n/10 char
 []


Underfull \hbox (badness 10000) in paragraph at lines 4815--4815
\OT1/cmtt/m/n/10 [TFS[]FILENAME[]
 []


Underfull \hbox (badness 10000) in paragraph at lines 4828--4828
[]|\OT1/cmtt/m/n/10 uint32[]t
 []


Overfull \hbox (1.39146pt too wide) in paragraph at lines 4828--4828
\OT1/cmtt/m/n/10 [TFS[]BLOCKS[]MAX]| 
 []

[66] [67] [68]
Underfull \hbox (badness 10000) in paragraph at lines 5066--5066
[]|\OT1/cmtt/m/n/10 fs/filesystems.h,
 []

[69] [70] [71]
Chapter 8.
[72

] [73] [74] [75] [76] [77] [78] [79] [80] [81]
Underfull \hbox (badness 10000) in paragraph at lines 6068--6068
[]|\OT1/cmtt/m/n/10 net/network.h,
 []


Underfull \hbox (badness 10000) in paragraph at lines 6070--6070
[]|\OT1/cmtt/m/n/10 net/protocols.h,
 []


Underfull \hbox (badness 10000) in paragraph at lines 6072--6072
[]|\OT1/cmtt/m/n/10 net/socket.h,
 []

[82] [83]
Chapter 9.

Underfull \vbox (badness 10000) has occurred while \output is active []

 [84

]
Underfull \hbox (badness 10000) in paragraph at lines 6194--6194
[]|\OT1/cmtt/m/n/10 void (*)(device[]t
 []

[85]
Underfull \hbox (badness 10000) in paragraph at lines 6232--6232
[]|\OT1/cmtt/m/n/10 kernel/interrupt.h,
 []

File: pics/device.eps Graphic file (type eps)
<pics/device.eps> [86
Non-PDF special ignored!]
Underfull \hbox (badness 10000) in paragraph at lines 6323--6323
[]|\OT1/cmtt/m/n/10 device[]t *
 []


Underfull \hbox (badness 10000) in paragraph at lines 6323--6323
\OT1/cmtt/m/n/10 (*)(io[]descriptor[]t
 []


Overfull \hbox (0.89748pt too wide) in paragraph at lines 6345--6345
[]|\OT1/cmtt/m/n/10 generic[]device| 
 []

[87] [88]
Underfull \hbox (badness 3088) in paragraph at lines 6466--6466
[]|\OT1/cmr/m/n/10 int (*)(gcd[]t * gcd,
 []


Underfull \hbox (badness 3088) in paragraph at lines 6466--6466
[]|\OT1/cmr/m/n/10 int (*)(gcd[]t * gcd,
 []


Underfull \hbox (badness 10000) in paragraph at lines 6502--6502
[]|\OT1/cmtt/m/n/10 int (*)(gbd[]t *
 []


Underfull \hbox (badness 10000) in paragraph at lines 6502--6502
\OT1/cmtt/m/n/10 gbd, gbd[]request[]t
 []


Underfull \hbox (badness 10000) in paragraph at lines 6514--6514
[]|\OT1/cmtt/m/n/10 int (*)(gbd[]t
 []


Underfull \hbox (badness 10000) in paragraph at lines 6514--6514
\OT1/cmtt/m/n/10 *gbd, gbd[]request[]t
 []


Underfull \hbox (badness 10000) in paragraph at lines 6517--6517
[]|\OT1/cmtt/m/n/10 uint32[]t (*)(gbd[]t
 []


Underfull \hbox (badness 10000) in paragraph at lines 6520--6520
[]|\OT1/cmtt/m/n/10 uint32[]t (*)(gbd[]t
 []


Overfull \hbox (5.32437pt too wide) in paragraph at lines 6566--6571
[]\OT1/cmr/m/n/10 The \OT1/cmtt/m/n/10 gbd[]operation[]t []\OT1/cmr/m/n/10 is a
n enu-mer-a-tion of fol-low-ing val-ues: \OT1/cmtt/m/n/10 GBD[]OPERATION[]READ
 []

[89] [90] [91]
Underfull \hbox (badness 10000) in paragraph at lines 6614--6614
[]|\OT1/cmtt/m/n/10 int (*)(struct
 []


Underfull \hbox (badness 10000) in paragraph at lines 6614--6614
\OT1/cmtt/m/n/10 gnd[]struct *gnd,
 []


Underfull \hbox (badness 10000) in paragraph at lines 6614--6614
\OT1/cmtt/m/n/10 void *frame,
 []


Underfull \hbox (badness 10000) in paragraph at lines 6614--6614
\OT1/cmtt/m/n/10 network[]address[]t
 []


Underfull \hbox (badness 10000) in paragraph at lines 6625--6625
[]|\OT1/cmtt/m/n/10 int (*)(struct
 []


Underfull \hbox (badness 10000) in paragraph at lines 6625--6625
\OT1/cmtt/m/n/10 gnd[]struct *gnd,
 []


Underfull \hbox (badness 10000) in paragraph at lines 6629--6629
[]|\OT1/cmtt/m/n/10 uint32[]t (*)(struct
 []


Underfull \hbox (badness 10000) in paragraph at lines 6633--6633
[]|\OT1/cmtt/m/n/10 network[]address[]t
 []


Underfull \hbox (badness 10000) in paragraph at lines 6633--6633
\OT1/cmtt/m/n/10 (*)(struct
 []


Underfull \hbox (badness 10000) in paragraph at lines 6641--6641
[]|\OT1/cmtt/m/n/10 drivers/device.h,
 []


Underfull \hbox (badness 10000) in paragraph at lines 6642--6642
[]|\OT1/cmtt/m/n/10 drivers/drivers.h,
 []

[92] [93]
Underfull \hbox (badness 10000) in paragraph at lines 6687--6687
[]|\OT1/cmtt/m/n/10 drivers/polltty.c,
 []


Underfull \hbox (badness 10000) in paragraph at lines 6688--6688
[]|\OT1/cmtt/m/n/10 lib/libc.c,
 []

[94]
Underfull \hbox (badness 10000) in paragraph at lines 6839--6839
[]|\OT1/cmtt/m/n/10 drivers/tty.c
 []

[95]
Underfull \hbox (badness 10000) in paragraph at lines 6909--6909
[]|\OT1/cmtt/m/n/10 volatile
 []


Underfull \hbox (badness 10000) in paragraph at lines 6914--6914
[]|\OT1/cmtt/m/n/10 volatile
 []


Overfull \hbox (0.89748pt too wide) in paragraph at lines 6914--6914
[]|\OT1/cmtt/m/n/10 request[]served| 
 []

[96] [97] [98] [99]
Underfull \hbox (badness 10000) in paragraph at lines 7194--7194
[]|\OT1/cmtt/m/n/10 drivers/disk.h,
 []


Underfull \hbox (badness 10000) in paragraph at lines 7196--7196
[]|\OT1/cmtt/m/n/10 drivers/disksched.h,
 []


Underfull \hbox (badness 10000) in paragraph at lines 7235--7235
[]|\OT1/cmtt/m/n/10 drivers/timer.c,
 []


Underfull \hbox (badness 10000) in paragraph at lines 7235--7235
\OT1/cmtt/m/n/10 drivers/timer.h,
 []

[100] [101]
Underfull \hbox (badness 10000) in paragraph at lines 7354--7354
[]|\OT1/cmtt/m/n/10 drivers/metadev.c,
 []

[102] [103]
Chapter 10.
LaTeX Font Info:    Font shape `OT1/cmtt/bx/n' in size <14.4> not available
(Font)              Font shape `OT1/cmtt/m/n' tried instead on input line 7403.

[104

] [105]
Appendix A.

Underfull \hbox (badness 10000) in paragraph at lines 7555--7555
[]|\OT1/cmtt/m/n/10 drivers/bootargs.h,
 []


Underfull \hbox (badness 10000) in paragraph at lines 7556--7556
[]|\OT1/cmtt/m/n/10 lib/debug.h,
 []

[106

]
Appendix B.
[107

] [108] [109]
Appendix C.
[110

] (C:\Users\Phail\Desktop\Bachelorproject\roadmap\roadmap.ind [111


]
[112

] [113] [114] [115] [116] [117])
Package atveryend Info: Empty hook `BeforeClearDocument' on input line 7698.
Package atveryend Info: Empty hook `AfterLastShipout' on input line 7698.

(C:\Users\Phail\Desktop\Bachelorproject\roadmap\roadmap.aux)
Package atveryend Info: Executing hook `AtVeryEndDocument' on input line 7698.
Package atveryend Info: Executing hook `AtEndAfterFileList' on input line 7698.

Package rerunfilecheck Info: File `roadmap.out' has not changed.
(rerunfilecheck)             Checksum: DA112121CF7502604FD04FD1F86B8525;7853.


LaTeX Warning: There were undefined references.

Package atveryend Info: Empty hook `AtVeryVeryEnd' on input line 7698.
 ) 
Here is how much of TeX's memory you used:
 7778 strings out of 493921
 107312 string characters out of 3144877
 194576 words of memory out of 3000000
 10003 multiletter control sequences out of 15000+200000
 14164 words of font info for 58 fonts, out of 3000000 for 9000
 841 hyphenation exceptions out of 8191
 29i,12n,48p,331b,607s stack positions out of 5000i,500n,10000p,200000b,50000s
 <C:\Users\Phail\AppData\Local\MiKTeX\2.9\fonts\pk\ljfour\jknappen\ec\dpi600\
tcrm1000.pk><C:/Program Files (x86)/MiKTeX 2.9/fonts/type1/public/amsfonts/cm/c
mbx10.pfb><C:/Program Files (x86)/MiKTeX 2.9/fonts/type1/public/amsfonts/cm/cmb
x12.pfb><C:/Program Files (x86)/MiKTeX 2.9/fonts/type1/public/amsfonts/cm/cmmi1
0.pfb><C:/Program Files (x86)/MiKTeX 2.9/fonts/type1/public/amsfonts/cm/cmr10.p
fb><C:/Program Files (x86)/MiKTeX 2.9/fonts/type1/public/amsfonts/cm/cmr6.pfb><
C:/Program Files (x86)/MiKTeX 2.9/fonts/type1/public/amsfonts/cm/cmr7.pfb><C:/P
rogram Files (x86)/MiKTeX 2.9/fonts/type1/public/amsfonts/cm/cmr8.pfb><C:/Progr
am Files (x86)/MiKTeX 2.9/fonts/type1/public/amsfonts/cm/cmsl10.pfb><C:/Program
 Files (x86)/MiKTeX 2.9/fonts/type1/public/amsfonts/cm/cmsy10.pfb><C:/Program F
iles (x86)/MiKTeX 2.9/fonts/type1/public/amsfonts/cm/cmti10.pfb><C:/Program Fil
es (x86)/MiKTeX 2.9/fonts/type1/public/amsfonts/cm/cmtt10.pfb><C:/Program Files
 (x86)/MiKTeX 2.9/fonts/type1/public/amsfonts/cm/cmtt12.pfb><C:/Program Files (
x86)/MiKTeX 2.9/fonts/type1/public/amsfonts/cm/cmtt8.pfb><C:/Program Files (x86
)/MiKTeX 2.9/fonts/type1/public/amsfonts/cm/cmtt9.pfb><C:/Users/Phail/AppData/R
oaming/MiKTeX/2.9/fonts/type1/public/marvosym/marvosym.pfb>
Output written on roadmap.pdf (123 pages, 916984 bytes).
PDF statistics:
 2771 PDF objects out of 2984 (max. 8388607)
 960 named destinations out of 1000 (max. 500000)
 872 words of extra memory for PDF output out of 10000 (max. 10000000)

