\BOOKMARK [0][-]{chapter.1}{1 Introduction}{}% 1
\BOOKMARK [1][-]{section.1.1}{1.1 Tools Needed}{chapter.1}% 2
\BOOKMARK [2][-]{subsection.1.1.1}{1.1.1 Tools needed for the MIPS Kernel}{section.1.1}% 3
\BOOKMARK [2][-]{subsection.1.1.2}{1.1.2 Tools needed for the x86-64 Kernel}{section.1.1}% 4
\BOOKMARK [1][-]{section.1.2}{1.2 Expected Background Knowledge}{chapter.1}% 5
\BOOKMARK [1][-]{section.1.3}{1.3 KUDOS for teachers}{chapter.1}% 6
\BOOKMARK [2][-]{subsection.1.3.1}{1.3.1 Preparing for KUDOS Course}{section.1.3}% 7
\BOOKMARK [1][-]{section.1.4}{1.4 Exercises}{chapter.1}% 8
\BOOKMARK [1][-]{section.1.5}{1.5 Contact Information}{chapter.1}% 9
\BOOKMARK [0][-]{chapter.2}{2 Using KUdos}{}% 10
\BOOKMARK [1][-]{section.2.1}{2.1 Installation and Requirements}{chapter.2}% 11
\BOOKMARK [1][-]{section.2.2}{2.2 Compilation}{chapter.2}% 12
\BOOKMARK [1][-]{section.2.3}{2.3 Booting the System}{chapter.2}% 13
\BOOKMARK [2][-]{subsection.2.3.1}{2.3.1 Booting the mips system}{section.2.3}% 14
\BOOKMARK [2][-]{subsection.2.3.2}{2.3.2 Booting the x86-64 system}{section.2.3}% 15
\BOOKMARK [1][-]{section.2.4}{2.4 Compiling Userland Programs}{chapter.2}% 16
\BOOKMARK [2][-]{subsection.2.4.1}{2.4.1 Compiling}{section.2.4}% 17
\BOOKMARK [2][-]{subsection.2.4.2}{2.4.2 Installing - mips}{section.2.4}% 18
\BOOKMARK [2][-]{subsection.2.4.3}{2.4.3 Installing - x86-64}{section.2.4}% 19
\BOOKMARK [1][-]{section.2.5}{2.5 Using the Makefiles}{chapter.2}% 20
\BOOKMARK [2][-]{subsection.2.5.1}{2.5.1 System Makefile}{section.2.5}% 21
\BOOKMARK [2][-]{subsection.2.5.2}{2.5.2 Userland Makefile}{section.2.5}% 22
\BOOKMARK [1][-]{section.2.6}{2.6 Using Trivial Filesystem}{chapter.2}% 23
\BOOKMARK [1][-]{section.2.7}{2.7 Starting Processes}{chapter.2}% 24
\BOOKMARK [0][-]{section*.2}{Bibliography}{}% 25
